<?xml version="1.0" encoding="UTF-8"?>
<testsuite name="edu.virginia.cs.wordle.DefaultDictionaryFactoryTest" tests="2" skipped="0" failures="0" errors="0" timestamp="2023-11-01T20:04:51" hostname="Tommys-MacBook-Air.local" time="0.05">
  <properties/>
  <testcase name="DefaultDictionaryFactory - EQUIVALENCE - Default Answers Dictionary not null and size" classname="edu.virginia.cs.wordle.DefaultDictionaryFactoryTest" time="0.01"/>
  <testcase name="DefaultDictionaryFactory - EQUIVALENCE - Default Guesses Dictionary not null and size" classname="edu.virginia.cs.wordle.DefaultDictionaryFactoryTest" time="0.039"/>
  <system-out><![CDATA[]]></system-out>
  <system-err><![CDATA[]]></system-err>
</testsuite>
